[383C:134C][2024-03-13T14:45:04]i001: Burn v3.10.4.4718, Windows v10.0 (Build 22631: Service Pack 0), path: C:\WINDOWS\Temp\{D058BD4E-C21D-4A52-AF30-658DD771A13C}\.cr\vc_redist.x64.exe
[383C:134C][2024-03-13T14:45:04]i009: Command Line: '"-burn.clean.room=C:\ProgramData\Package Cache\D4F9181E70E3F1AA6C8EDFFCC15B3C3D4BABE36B\vc_redist.x64.exe" -burn.filehandle.attached=728 -burn.filehandle.self=764 /install /quiet /norestart -burn.filehandle.self=964 -burn.embedded BurnPipe.{A8FACA04-6217-46CB-AB1B-228B7143754B} {598F8337-0E43-4CF7-A44A-4B6E2FA66F75} 13060'
[383C:134C][2024-03-13T14:45:04]i000: Setting string variable 'WixBundleOriginalSource' to value 'C:\ProgramData\Package Cache\D4F9181E70E3F1AA6C8EDFFCC15B3C3D4BABE36B\vc_redist.x64.exe'
[383C:134C][2024-03-13T14:45:04]i000: Setting string variable 'WixBundleOriginalSourceFolder' to value 'C:\ProgramData\Package Cache\D4F9181E70E3F1AA6C8EDFFCC15B3C3D4BABE36B\'
[383C:134C][2024-03-13T14:45:04]i000: Setting string variable 'WixBundleLog' to value 'C:\WINDOWS\TEMP\dd_vcredist_amd64_20240313144504.log'
[383C:134C][2024-03-13T14:45:04]i000: Setting string variable 'WixBundleManufacturer' to value 'Microsoft Corporation'
[383C:39A8][2024-03-13T14:45:05]i000: Setting version variable 'WixBundleFileVersion' to value '14.32.31332.0'
[383C:134C][2024-03-13T14:45:05]i100: Detect begin, 11 packages
[383C:134C][2024-03-13T14:45:05]i000: Setting string variable 'Arm64_Check' to value 'AMD64'
[383C:134C][2024-03-13T14:45:05]i000: Setting version variable 'windows_uCRT_DetectKey' to value '10.0.22621.2506'
[383C:134C][2024-03-13T14:45:05]i000: Setting numeric variable 'windows_uCRT_DetectKeyExists' to value 1
[383C:134C][2024-03-13T14:45:05]i052: Condition '(VersionNT = v6.3 AND NOT VersionNT64) AND (windows_uCRT_DetectKeyExists AND windows_uCRT_DetectKey >= v10.0.10240.0)' evaluates to false.
[383C:134C][2024-03-13T14:45:05]i052: Condition '(VersionNT = v6.3 AND VersionNT64) AND (windows_uCRT_DetectKeyExists AND windows_uCRT_DetectKey >= v10.0.10240.0)' evaluates to false.
[383C:134C][2024-03-13T14:45:05]i052: Condition '(VersionNT = v6.2 AND NOT VersionNT64) AND (windows_uCRT_DetectKeyExists AND windows_uCRT_DetectKey >= v10.0.10240.0)' evaluates to false.
[383C:134C][2024-03-13T14:45:05]i052: Condition '(VersionNT = v6.2 AND VersionNT64) AND (windows_uCRT_DetectKeyExists AND windows_uCRT_DetectKey >= v10.0.10240.0)' evaluates to false.
[383C:134C][2024-03-13T14:45:05]i052: Condition '(VersionNT = v6.1 AND NOT VersionNT64) AND (windows_uCRT_DetectKeyExists AND windows_uCRT_DetectKey >= v10.0.10240.0)' evaluates to false.
[383C:134C][2024-03-13T14:45:05]i052: Condition '(VersionNT = v6.1 AND VersionNT64) AND (windows_uCRT_DetectKeyExists AND windows_uCRT_DetectKey >= v10.0.10240.0)' evaluates to false.
[383C:134C][2024-03-13T14:45:05]i052: Condition '(VersionNT = v6.0 AND NOT VersionNT64) AND (windows_uCRT_DetectKeyExists AND windows_uCRT_DetectKey >= v10.0.10240.0)' evaluates to false.
[383C:134C][2024-03-13T14:45:05]i052: Condition '(VersionNT = v6.0 AND VersionNT64) AND (windows_uCRT_DetectKeyExists AND windows_uCRT_DetectKey >= v10.0.10240.0)' evaluates to false.
[383C:134C][2024-03-13T14:45:05]i101: Detected package: Windows81_x86, state: Absent, cached: None
[383C:134C][2024-03-13T14:45:05]i101: Detected package: Windows81_x64, state: Absent, cached: None
[383C:134C][2024-03-13T14:45:05]i101: Detected package: Windows8_x86, state: Absent, cached: None
[383C:134C][2024-03-13T14:45:05]i101: Detected package: Windows8_x64, state: Absent, cached: None
[383C:134C][2024-03-13T14:45:05]i101: Detected package: Windows7_MSU_x86, state: Absent, cached: None
[383C:134C][2024-03-13T14:45:05]i101: Detected package: Windows7_MSU_x64, state: Absent, cached: None
[383C:134C][2024-03-13T14:45:05]i101: Detected package: WindowsVista_MSU_x86, state: Absent, cached: None
[383C:134C][2024-03-13T14:45:05]i101: Detected package: WindowsVista_MSU_x64, state: Absent, cached: None
[383C:134C][2024-03-13T14:45:05]i101: Detected package: vcRuntimeMinimum_x64, state: Present, cached: Complete
[383C:134C][2024-03-13T14:45:05]i101: Detected package: vcRuntimeAdditional_x64, state: Present, cached: Complete
[383C:134C][2024-03-13T14:45:05]i101: Detected package: vcRuntime_arm64, state: Absent, cached: None
[383C:134C][2024-03-13T14:45:05]i052: Condition 'VersionNT >= v6.1' evaluates to true.
[383C:134C][2024-03-13T14:45:05]i199: Detect complete, result: 0x0
[383C:134C][2024-03-13T14:45:05]i200: Plan begin, 11 packages, action: Modify
[383C:134C][2024-03-13T14:45:05]i052: Condition 'VersionNT = v6.3 AND NOT VersionNT64' evaluates to false.
[383C:134C][2024-03-13T14:45:05]w321: Skipping dependency registration on package with no dependency providers: Windows81_x86
[383C:134C][2024-03-13T14:45:05]i052: Condition 'VersionNT = v6.3 AND VersionNT64' evaluates to false.
[383C:134C][2024-03-13T14:45:05]w321: Skipping dependency registration on package with no dependency providers: Windows81_x64
[383C:134C][2024-03-13T14:45:05]i052: Condition 'VersionNT = v6.2 AND NOT VersionNT64' evaluates to false.
[383C:134C][2024-03-13T14:45:05]w321: Skipping dependency registration on package with no dependency providers: Windows8_x86
[383C:134C][2024-03-13T14:45:05]i052: Condition 'VersionNT = v6.2 AND VersionNT64' evaluates to false.
[383C:134C][2024-03-13T14:45:05]w321: Skipping dependency registration on package with no dependency providers: Windows8_x64
[383C:134C][2024-03-13T14:45:05]i052: Condition 'VersionNT = v6.1 AND NOT VersionNT64' evaluates to false.
[383C:134C][2024-03-13T14:45:05]w321: Skipping dependency registration on package with no dependency providers: Windows7_MSU_x86
[383C:134C][2024-03-13T14:45:05]i052: Condition 'VersionNT = v6.1 AND VersionNT64' evaluates to false.
[383C:134C][2024-03-13T14:45:05]w321: Skipping dependency registration on package with no dependency providers: Windows7_MSU_x64
[383C:134C][2024-03-13T14:45:05]i052: Condition 'VersionNT = v6.0 AND NOT VersionNT64' evaluates to false.
[383C:134C][2024-03-13T14:45:05]w321: Skipping dependency registration on package with no dependency providers: WindowsVista_MSU_x86
[383C:134C][2024-03-13T14:45:05]i052: Condition 'VersionNT = v6.0 AND VersionNT64' evaluates to false.
[383C:134C][2024-03-13T14:45:05]w321: Skipping dependency registration on package with no dependency providers: WindowsVista_MSU_x64
[383C:134C][2024-03-13T14:45:05]i052: Condition '(VersionNT64) AND NOT (Arm64_Check = "ARM64")' evaluates to true.
[383C:134C][2024-03-13T14:45:05]i052: Condition '(VersionNT64) AND NOT (Arm64_Check = "ARM64")' evaluates to true.
[383C:134C][2024-03-13T14:45:05]i052: Condition 'Arm64_Check = "ARM64"' evaluates to false.
[383C:134C][2024-03-13T14:45:05]i201: Planned package: Windows81_x86, state: Absent, default requested: Absent, ba requested: Absent, execute: None, rollback: None, cache: No, uncache: No, dependency: None
[383C:134C][2024-03-13T14:45:05]i201: Planned package: Windows81_x64, state: Absent, default requested: Absent, ba requested: Absent, execute: None, rollback: None, cache: No, uncache: No, dependency: None
[383C:134C][2024-03-13T14:45:05]i201: Planned package: Windows8_x86, state: Absent, default requested: Absent, ba requested: Absent, execute: None, rollback: None, cache: No, uncache: No, dependency: None
[383C:134C][2024-03-13T14:45:05]i201: Planned package: Windows8_x64, state: Absent, default requested: Absent, ba requested: Absent, execute: None, rollback: None, cache: No, uncache: No, dependency: None
[383C:134C][2024-03-13T14:45:05]i201: Planned package: Windows7_MSU_x86, state: Absent, default requested: Absent, ba requested: Absent, execute: None, rollback: None, cache: No, uncache: No, dependency: None
[383C:134C][2024-03-13T14:45:05]i201: Planned package: Windows7_MSU_x64, state: Absent, default requested: Absent, ba requested: Absent, execute: None, rollback: None, cache: No, uncache: No, dependency: None
[383C:134C][2024-03-13T14:45:05]i201: Planned package: WindowsVista_MSU_x86, state: Absent, default requested: Absent, ba requested: Absent, execute: None, rollback: None, cache: No, uncache: No, dependency: None
[383C:134C][2024-03-13T14:45:05]i201: Planned package: WindowsVista_MSU_x64, state: Absent, default requested: Absent, ba requested: Absent, execute: None, rollback: None, cache: No, uncache: No, dependency: None
[383C:134C][2024-03-13T14:45:05]i201: Planned package: vcRuntimeMinimum_x64, state: Present, default requested: Present, ba requested: Present, execute: None, rollback: None, cache: No, uncache: No, dependency: Register
[383C:134C][2024-03-13T14:45:05]i201: Planned package: vcRuntimeAdditional_x64, state: Present, default requested: Present, ba requested: Present, execute: None, rollback: None, cache: No, uncache: No, dependency: Register
[383C:134C][2024-03-13T14:45:05]i201: Planned package: vcRuntime_arm64, state: Absent, default requested: Absent, ba requested: Absent, execute: None, rollback: None, cache: No, uncache: No, dependency: None
[383C:134C][2024-03-13T14:45:05]i299: Plan complete, result: 0x0
[383C:134C][2024-03-13T14:45:05]i300: Apply begin
[383C:134C][2024-03-13T14:45:05]i010: Launching elevated engine process.
[383C:134C][2024-03-13T14:45:05]i011: Launched elevated engine process.
[383C:134C][2024-03-13T14:45:06]i012: Connected to elevated engine.
[39C0:3FAC][2024-03-13T14:45:06]i358: Pausing automatic updates.
[39C0:3FAC][2024-03-13T14:45:06]i359: Paused automatic updates.
[39C0:3FAC][2024-03-13T14:45:06]i371: Updating session, registration key: SOFTWARE\Microsoft\Windows\CurrentVersion\Uninstall\{3746f21b-c990-4045-bb33-1cf98cff7a68}, resume: Active, restart initiated: No, disable resume: Yes
[39C0:3FAC][2024-03-13T14:45:06]i325: Registering dependency: {3746f21b-c990-4045-bb33-1cf98cff7a68} on package provider: Microsoft.VS.VC_RuntimeMinimumVSU_amd64,v14, package: vcRuntimeMinimum_x64
[39C0:3FAC][2024-03-13T14:45:06]i325: Registering dependency: {3746f21b-c990-4045-bb33-1cf98cff7a68} on package provider: Microsoft.VS.VC_RuntimeAdditionalVSU_amd64,v14, package: vcRuntimeAdditional_x64
[39C0:3FAC][2024-03-13T14:45:06]i372: Session end, registration key: SOFTWARE\Microsoft\Windows\CurrentVersion\Uninstall\{3746f21b-c990-4045-bb33-1cf98cff7a68}, resume: ARP, restart: None, disable resume: Yes
[39C0:3FAC][2024-03-13T14:45:06]i371: Updating session, registration key: SOFTWARE\Microsoft\Windows\CurrentVersion\Uninstall\{3746f21b-c990-4045-bb33-1cf98cff7a68}, resume: ARP, restart initiated: No, disable resume: Yes
[383C:134C][2024-03-13T14:45:06]i399: Apply complete, result: 0x0, restart: None, ba requested restart:  No
[383C:134C][2024-03-13T14:45:06]i500: Shutting down, exit code: 0x0
[383C:134C][2024-03-13T14:45:06]i410: Variable: Arm64_Check = AMD64
[383C:134C][2024-03-13T14:45:06]i410: Variable: SystemFolder = C:\WINDOWS\system32\
[383C:134C][2024-03-13T14:45:06]i410: Variable: VersionNT = 10.0.0.0
[383C:134C][2024-03-13T14:45:06]i410: Variable: VersionNT64 = 10.0.0.0
[383C:134C][2024-03-13T14:45:06]i410: Variable: windows_uCRT_DetectKey = 10.0.22621.2506
[383C:134C][2024-03-13T14:45:06]i410: Variable: windows_uCRT_DetectKeyExists = 1
[383C:134C][2024-03-13T14:45:06]i410: Variable: WixBundleAction = 6
[383C:134C][2024-03-13T14:45:06]i410: Variable: WixBundleElevated = 1
[383C:134C][2024-03-13T14:45:06]i410: Variable: WixBundleFileVersion = 14.32.31332.0
[383C:134C][2024-03-13T14:45:06]i410: Variable: WixBundleInstalled = 1
[383C:134C][2024-03-13T14:45:06]i410: Variable: WixBundleLog = C:\WINDOWS\TEMP\dd_vcredist_amd64_20240313144504.log
[383C:134C][2024-03-13T14:45:06]i410: Variable: WixBundleManufacturer = Microsoft Corporation
[383C:134C][2024-03-13T14:45:06]i410: Variable: WixBundleName = Microsoft Visual C++ 2015-2022 Redistributable (x64) - 14.32.31332
[383C:134C][2024-03-13T14:45:06]i410: Variable: WixBundleOriginalSource = C:\ProgramData\Package Cache\D4F9181E70E3F1AA6C8EDFFCC15B3C3D4BABE36B\vc_redist.x64.exe
[383C:134C][2024-03-13T14:45:06]i410: Variable: WixBundleOriginalSourceFolder = C:\ProgramData\Package Cache\D4F9181E70E3F1AA6C8EDFFCC15B3C3D4BABE36B\
[383C:134C][2024-03-13T14:45:06]i410: Variable: WixBundleProviderKey = VC,redist.x64,amd64,14.32,bundle
[383C:134C][2024-03-13T14:45:06]i410: Variable: WixBundleSourceProcessFolder = C:\ProgramData\Package Cache\D4F9181E70E3F1AA6C8EDFFCC15B3C3D4BABE36B\
[383C:134C][2024-03-13T14:45:06]i410: Variable: WixBundleSourceProcessPath = C:\ProgramData\Package Cache\D4F9181E70E3F1AA6C8EDFFCC15B3C3D4BABE36B\vc_redist.x64.exe
[383C:134C][2024-03-13T14:45:06]i410: Variable: WixBundleTag = 
[383C:134C][2024-03-13T14:45:06]i410: Variable: WixBundleVersion = 14.32.31332.0
[383C:134C][2024-03-13T14:45:06]i007: Exit code: 0x0, restarting: No
